# JRE version: OpenJDK Runtime Environment (17.0.11) (build 17.0.11+0--11852314)
# Java VM: OpenJDK 64-Bit Server VM (17.0.11+0--11852314, mixed mode, tiered, compressed oops, compressed class ptrs, g1 gc, windows-amd64)
GC Precious Log:
 CPUs: 12 total, 12 available
 Memory: 12059M
 Large Page Support: Disabled
 NUMA Support: Disabled
 Compressed Oops: Enabled (32-bit)
 Heap Region Size: 1M
 Heap Min Capacity: 8M
 Heap Initial Capacity: 190M
 Heap Max Capacity: 2G
 Pre-touch: Disabled
 Parallel Workers: 10
 Concurrent Workers: 3
 Concurrent Refinement Workers: 10
 Periodic GC: Disabled
Heap:
 garbage-first heap   total 318464K, used 126123K [0x0000000080000000, 0x0000000100000000)
  region size 1024K, 2 young (2048K), 2 survivors (2048K)
 Metaspace       used 142612K, committed 144320K, reserved 1179648K
  class space    used 19577K, committed 20352K, reserved 1048576K
GC Heap History (20 events):
Event: 4540.949 GC heap after
{Heap after GC invocations=65 (full 0):
 garbage-first heap   total 318464K, used 141572K [0x0000000080000000, 0x0000000100000000)
  region size 1024K, 11 young (11264K), 11 survivors (11264K)
 Metaspace       used 142577K, committed 144000K, reserved 1179648K
  class space    used 19647K, committed 20352K, reserved 1048576K
}
Event: 4540.969 GC heap before
{Heap before GC invocations=65 (full 0):
 garbage-first heap   total 318464K, used 145668K [0x0000000080000000, 0x0000000100000000)
  region size 1024K, 15 young (15360K), 11 survivors (11264K)
 Metaspace       used 142579K, committed 144064K, reserved 1179648K
  class space    used 19647K, committed 20352K, reserved 1048576K
}
Event: 4540.986 GC heap after
{Heap after GC invocations=66 (full 0):
 garbage-first heap   total 318464K, used 140356K [0x0000000080000000, 0x0000000100000000)
  region size 1024K, 2 young (2048K), 2 survivors (2048K)
 Metaspace       used 142579K, committed 144064K, reserved 1179648K
  class space    used 19647K, committed 20352K, reserved 1048576K
}
Event: 4543.100 GC heap before
{Heap before GC invocations=66 (full 0):
 garbage-first heap   total 318464K, used 174148K [0x0000000080000000, 0x0000000100000000)
  region size 1024K, 37 young (37888K), 2 survivors (2048K)
 Metaspace       used 142679K, committed 144128K, reserved 1179648K
  class space    used 19647K, committed 20352K, reserved 1048576K
}
Event: 4543.102 GC heap after
{Heap after GC invocations=67 (full 0):
 garbage-first heap   total 318464K, used 139575K [0x0000000080000000, 0x0000000100000000)
  region size 1024K, 1 young (1024K), 1 survivors (1024K)
 Metaspace       used 142679K, committed 144128K, reserved 1179648K
  class space    used 19647K, committed 20352K, reserved 1048576K
}
Event: 5506.308 GC heap before
{Heap before GC invocations=68 (full 0):
 garbage-first heap   total 318464K, used 298295K [0x0000000080000000, 0x0000000100000000)
  region size 1024K, 122 young (124928K), 1 survivors (1024K)
 Metaspace       used 142858K, committed 144320K, reserved 1179648K
  class space    used 19647K, committed 20352K, reserved 1048576K
}
Event: 5506.358 GC heap after
{Heap after GC invocations=69 (full 0):
 garbage-first heap   total 318464K, used 130359K [0x0000000080000000, 0x0000000100000000)
  region size 1024K, 1 young (1024K), 1 survivors (1024K)
 Metaspace       used 142858K, committed 144320K, reserved 1179648K
  class space    used 19647K, committed 20352K, reserved 1048576K
}
Event: 6175.115 GC heap before
{Heap before GC invocations=69 (full 0):
 garbage-first heap   total 318464K, used 143671K [0x0000000080000000, 0x0000000100000000)
  region size 1024K, 15 young (15360K), 1 survivors (1024K)
 Metaspace       used 142866K, committed 144320K, reserved 1179648K
  class space    used 19647K, committed 20352K, reserved 1048576K
}
Event: 6181.521 GC heap after
{Heap after GC invocations=70 (full 0):
 garbage-first heap   total 318464K, used 121463K [0x0000000080000000, 0x0000000100000000)
  region size 1024K, 1 young (1024K), 1 survivors (1024K)
 Metaspace       used 142866K, committed 144320K, reserved 1179648K
  class space    used 19647K, committed 20352K, reserved 1048576K
}
Event: 6846.320 GC heap before
{Heap before GC invocations=70 (full 0):
 garbage-first heap   total 318464K, used 135799K [0x0000000080000000, 0x0000000100000000)
  region size 1024K, 15 young (15360K), 1 survivors (1024K)
 Metaspace       used 142868K, committed 144320K, reserved 1179648K
  class space    used 19647K, committed 20352K, reserved 1048576K
}
Event: 6846.344 GC heap after
{Heap after GC invocations=71 (full 0):
 garbage-first heap   total 318464K, used 121477K [0x0000000080000000, 0x0000000100000000)
  region size 1024K, 1 young (1024K), 1 survivors (1024K)
 Metaspace       used 142868K, committed 144320K, reserved 1179648K
  class space    used 19647K, committed 20352K, reserved 1048576K
}
Event: 6878.819 GC heap before
{Heap before GC invocations=72 (full 0):
 garbage-first heap   total 318464K, used 135813K [0x0000000080000000, 0x0000000100000000)
  region size 1024K, 15 young (15360K), 1 survivors (1024K)
 Metaspace       used 142146K, committed 144320K, reserved 1179648K
  class space    used 19516K, committed 20352K, reserved 1048576K
}
Event: 6878.824 GC heap after
{Heap after GC invocations=73 (full 0):
 garbage-first heap   total 318464K, used 121850K [0x0000000080000000, 0x0000000100000000)
  region size 1024K, 2 young (2048K), 2 survivors (2048K)
 Metaspace       used 142146K, committed 144320K, reserved 1179648K
  class space    used 19516K, committed 20352K, reserved 1048576K
}
Event: 6879.027 GC heap before
{Heap before GC invocations=73 (full 0):
 garbage-first heap   total 318464K, used 134138K [0x0000000080000000, 0x0000000100000000)
  region size 1024K, 15 young (15360K), 2 survivors (2048K)
 Metaspace       used 142301K, committed 144320K, reserved 1179648K
  class space    used 19541K, committed 20352K, reserved 1048576K
}
Event: 6879.038 GC heap after
{Heap after GC invocations=74 (full 0):
 garbage-first heap   total 318464K, used 122824K [0x0000000080000000, 0x0000000100000000)
  region size 1024K, 2 young (2048K), 2 survivors (2048K)
 Metaspace       used 142301K, committed 144320K, reserved 1179648K
  class space    used 19541K, committed 20352K, reserved 1048576K
}
Event: 6879.208 GC heap before
{Heap before GC invocations=74 (full 0):
 garbage-first heap   total 318464K, used 135112K [0x0000000080000000, 0x0000000100000000)
  region size 1024K, 15 young (15360K), 2 survivors (2048K)
 Metaspace       used 142356K, committed 144320K, reserved 1179648K
  class space    used 19549K, committed 20352K, reserved 1048576K
}
Event: 6879.215 GC heap after
{Heap after GC invocations=75 (full 0):
 garbage-first heap   total 318464K, used 123553K [0x0000000080000000, 0x0000000100000000)
  region size 1024K, 2 young (2048K), 2 survivors (2048K)
 Metaspace       used 142356K, committed 144320K, reserved 1179648K
  class space    used 19549K, committed 20352K, reserved 1048576K
}
Event: 6879.344 GC heap before
{Heap before GC invocations=75 (full 0):
 garbage-first heap   total 318464K, used 136865K [0x0000000080000000, 0x0000000100000000)
  region size 1024K, 15 young (15360K), 2 survivors (2048K)
 Metaspace       used 142483K, committed 144320K, reserved 1179648K
  class space    used 19563K, committed 20352K, reserved 1048576K
}
Event: 6879.352 GC heap after
{Heap after GC invocations=76 (full 0):
 garbage-first heap   total 318464K, used 124928K [0x0000000080000000, 0x0000000100000000)
  region size 1024K, 2 young (2048K), 2 survivors (2048K)
 Metaspace       used 142483K, committed 144320K, reserved 1179648K
  class space    used 19563K, committed 20352K, reserved 1048576K
}
Event: 6879.465 GC heap before
{Heap before GC invocations=76 (full 0):
 garbage-first heap   total 318464K, used 138240K [0x0000000080000000, 0x0000000100000000)
  region size 1024K, 15 young (15360K), 2 survivors (2048K)
 Metaspace       used 142612K, committed 144320K, reserved 1179648K
  class space    used 19577K, committed 20352K, reserved 1048576K
}

